빌드 시작: 2018-01-18 오후 1:47:28
     1>2 노드의 "C:\Users\Administrator\Desktop\1228_C_day03\백준\Practice\Practice\Practice.vcxproj" 프로젝트(build 대상)입니다.
     1>InitializeBuildStatus:
         "AlwaysCreate"이(가) 지정되었기 때문에 "Debug\Practice.unsuccessfulbuild"을(를) 만들고 있습니다.
       ClCompile:
         C:\Program Files (x86)\Microsoft Visual Studio 10.0\VC\bin\CL.exe /c /ZI /nologo /W3 /WX- /Od /Oy- /D WIN32 /D _DEBUG /D _CONSOLE /D _UNICODE /D UNICODE /Gm /EHsc /RTC1 /MDd /GS /fp:precise /Zc:wchar_t /Zc:forScope /Fo"Debug\\" /Fd"Debug\vc100.pdb" /Gd /TC /analyze- /errorReport:prompt Test.c
         Test.c
     1>c:\program files (x86)\microsoft visual studio 10.0\vc\include\cmath(19): error C2061: 구문 오류 : 식별자 'acosf'
     1>c:\program files (x86)\microsoft visual studio 10.0\vc\include\cmath(19): error C2059: 구문 오류 : ';'
     1>c:\program files (x86)\microsoft visual studio 10.0\vc\include\cmath(19): error C2061: 구문 오류 : 식별자 'asinf'
     1>c:\program files (x86)\microsoft visual studio 10.0\vc\include\cmath(19): error C2059: 구문 오류 : ';'
     1>c:\program files (x86)\microsoft visual studio 10.0\vc\include\cmath(20): error C2061: 구문 오류 : 식별자 'atanf'
     1>c:\program files (x86)\microsoft visual studio 10.0\vc\include\cmath(20): error C2059: 구문 오류 : ';'
     1>c:\program files (x86)\microsoft visual studio 10.0\vc\include\cmath(20): error C2061: 구문 오류 : 식별자 'atan2f'
     1>c:\program files (x86)\microsoft visual studio 10.0\vc\include\cmath(20): error C2059: 구문 오류 : ';'
     1>c:\program files (x86)\microsoft visual studio 10.0\vc\include\cmath(20): error C2061: 구문 오류 : 식별자 'ceilf'
     1>c:\program files (x86)\microsoft visual studio 10.0\vc\include\cmath(20): error C2059: 구문 오류 : ';'
     1>c:\program files (x86)\microsoft visual studio 10.0\vc\include\cmath(21): error C2061: 구문 오류 : 식별자 'cosf'
     1>c:\program files (x86)\microsoft visual studio 10.0\vc\include\cmath(21): error C2059: 구문 오류 : ';'
     1>c:\program files (x86)\microsoft visual studio 10.0\vc\include\cmath(21): error C2061: 구문 오류 : 식별자 'coshf'
     1>c:\program files (x86)\microsoft visual studio 10.0\vc\include\cmath(21): error C2059: 구문 오류 : ';'
     1>c:\program files (x86)\microsoft visual studio 10.0\vc\include\cmath(21): error C2061: 구문 오류 : 식별자 'expf'
     1>c:\program files (x86)\microsoft visual studio 10.0\vc\include\cmath(21): error C2059: 구문 오류 : ';'
     1>c:\program files (x86)\microsoft visual studio 10.0\vc\include\cmath(22): error C2061: 구문 오류 : 식별자 'fabsf'
     1>c:\program files (x86)\microsoft visual studio 10.0\vc\include\cmath(22): error C2059: 구문 오류 : ';'
     1>c:\program files (x86)\microsoft visual studio 10.0\vc\include\cmath(22): error C2061: 구문 오류 : 식별자 'floorf'
     1>c:\program files (x86)\microsoft visual studio 10.0\vc\include\cmath(22): error C2059: 구문 오류 : ';'
     1>c:\program files (x86)\microsoft visual studio 10.0\vc\include\cmath(22): error C2061: 구문 오류 : 식별자 'fmodf'
     1>c:\program files (x86)\microsoft visual studio 10.0\vc\include\cmath(22): error C2059: 구문 오류 : ';'
     1>c:\program files (x86)\microsoft visual studio 10.0\vc\include\cmath(23): error C2061: 구문 오류 : 식별자 'frexpf'
     1>c:\program files (x86)\microsoft visual studio 10.0\vc\include\cmath(23): error C2059: 구문 오류 : ';'
     1>c:\program files (x86)\microsoft visual studio 10.0\vc\include\cmath(23): error C2061: 구문 오류 : 식별자 'ldexpf'
     1>c:\program files (x86)\microsoft visual studio 10.0\vc\include\cmath(23): error C2059: 구문 오류 : ';'
     1>c:\program files (x86)\microsoft visual studio 10.0\vc\include\cmath(23): error C2061: 구문 오류 : 식별자 'logf'
     1>c:\program files (x86)\microsoft visual studio 10.0\vc\include\cmath(23): error C2059: 구문 오류 : ';'
     1>c:\program files (x86)\microsoft visual studio 10.0\vc\include\cmath(24): error C2061: 구문 오류 : 식별자 'log10f'
     1>c:\program files (x86)\microsoft visual studio 10.0\vc\include\cmath(24): error C2059: 구문 오류 : ';'
     1>c:\program files (x86)\microsoft visual studio 10.0\vc\include\cmath(24): error C2061: 구문 오류 : 식별자 'modff'
     1>c:\program files (x86)\microsoft visual studio 10.0\vc\include\cmath(24): error C2059: 구문 오류 : ';'
     1>c:\program files (x86)\microsoft visual studio 10.0\vc\include\cmath(24): error C2061: 구문 오류 : 식별자 'powf'
     1>c:\program files (x86)\microsoft visual studio 10.0\vc\include\cmath(24): error C2059: 구문 오류 : ';'
     1>c:\program files (x86)\microsoft visual studio 10.0\vc\include\cmath(25): error C2061: 구문 오류 : 식별자 'sinf'
     1>c:\program files (x86)\microsoft visual studio 10.0\vc\include\cmath(25): error C2059: 구문 오류 : ';'
     1>c:\program files (x86)\microsoft visual studio 10.0\vc\include\cmath(25): error C2061: 구문 오류 : 식별자 'sinhf'
     1>c:\program files (x86)\microsoft visual studio 10.0\vc\include\cmath(25): error C2059: 구문 오류 : ';'
     1>c:\program files (x86)\microsoft visual studio 10.0\vc\include\cmath(25): error C2061: 구문 오류 : 식별자 'sqrtf'
     1>c:\program files (x86)\microsoft visual studio 10.0\vc\include\cmath(25): error C2059: 구문 오류 : ';'
     1>c:\program files (x86)\microsoft visual studio 10.0\vc\include\cmath(26): error C2061: 구문 오류 : 식별자 'tanf'
     1>c:\program files (x86)\microsoft visual studio 10.0\vc\include\cmath(26): error C2059: 구문 오류 : ';'
     1>c:\program files (x86)\microsoft visual studio 10.0\vc\include\cmath(26): error C2061: 구문 오류 : 식별자 'tanhf'
     1>c:\program files (x86)\microsoft visual studio 10.0\vc\include\cmath(26): error C2059: 구문 오류 : ';'
     1>c:\program files (x86)\microsoft visual studio 10.0\vc\include\cmath(28): error C2061: 구문 오류 : 식별자 'acosl'
     1>c:\program files (x86)\microsoft visual studio 10.0\vc\include\cmath(28): error C2059: 구문 오류 : ';'
     1>c:\program files (x86)\microsoft visual studio 10.0\vc\include\cmath(28): error C2061: 구문 오류 : 식별자 'asinl'
     1>c:\program files (x86)\microsoft visual studio 10.0\vc\include\cmath(28): error C2059: 구문 오류 : ';'
     1>c:\program files (x86)\microsoft visual studio 10.0\vc\include\cmath(29): error C2061: 구문 오류 : 식별자 'atanl'
     1>c:\program files (x86)\microsoft visual studio 10.0\vc\include\cmath(29): error C2059: 구문 오류 : ';'
     1>c:\program files (x86)\microsoft visual studio 10.0\vc\include\cmath(29): error C2061: 구문 오류 : 식별자 'atan2l'
     1>c:\program files (x86)\microsoft visual studio 10.0\vc\include\cmath(29): error C2059: 구문 오류 : ';'
     1>c:\program files (x86)\microsoft visual studio 10.0\vc\include\cmath(29): error C2061: 구문 오류 : 식별자 'ceill'
     1>c:\program files (x86)\microsoft visual studio 10.0\vc\include\cmath(29): error C2059: 구문 오류 : ';'
     1>c:\program files (x86)\microsoft visual studio 10.0\vc\include\cmath(30): error C2061: 구문 오류 : 식별자 'cosl'
     1>c:\program files (x86)\microsoft visual studio 10.0\vc\include\cmath(30): error C2059: 구문 오류 : ';'
     1>c:\program files (x86)\microsoft visual studio 10.0\vc\include\cmath(30): error C2061: 구문 오류 : 식별자 'coshl'
     1>c:\program files (x86)\microsoft visual studio 10.0\vc\include\cmath(30): error C2059: 구문 오류 : ';'
     1>c:\program files (x86)\microsoft visual studio 10.0\vc\include\cmath(30): error C2061: 구문 오류 : 식별자 'expl'
     1>c:\program files (x86)\microsoft visual studio 10.0\vc\include\cmath(30): error C2059: 구문 오류 : ';'
     1>c:\program files (x86)\microsoft visual studio 10.0\vc\include\cmath(31): error C2061: 구문 오류 : 식별자 'fabsl'
     1>c:\program files (x86)\microsoft visual studio 10.0\vc\include\cmath(31): error C2059: 구문 오류 : ';'
     1>c:\program files (x86)\microsoft visual studio 10.0\vc\include\cmath(31): error C2061: 구문 오류 : 식별자 'floorl'
     1>c:\program files (x86)\microsoft visual studio 10.0\vc\include\cmath(31): error C2059: 구문 오류 : ';'
     1>c:\program files (x86)\microsoft visual studio 10.0\vc\include\cmath(31): error C2061: 구문 오류 : 식별자 'fmodl'
     1>c:\program files (x86)\microsoft visual studio 10.0\vc\include\cmath(31): error C2059: 구문 오류 : ';'
     1>c:\program files (x86)\microsoft visual studio 10.0\vc\include\cmath(32): error C2061: 구문 오류 : 식별자 'frexpl'
     1>c:\program files (x86)\microsoft visual studio 10.0\vc\include\cmath(32): error C2059: 구문 오류 : ';'
     1>c:\program files (x86)\microsoft visual studio 10.0\vc\include\cmath(32): error C2061: 구문 오류 : 식별자 'ldexpl'
     1>c:\program files (x86)\microsoft visual studio 10.0\vc\include\cmath(32): error C2059: 구문 오류 : ';'
     1>c:\program files (x86)\microsoft visual studio 10.0\vc\include\cmath(32): error C2061: 구문 오류 : 식별자 'logl'
     1>c:\program files (x86)\microsoft visual studio 10.0\vc\include\cmath(32): error C2059: 구문 오류 : ';'
     1>c:\program files (x86)\microsoft visual studio 10.0\vc\include\cmath(33): error C2061: 구문 오류 : 식별자 'log10l'
     1>c:\program files (x86)\microsoft visual studio 10.0\vc\include\cmath(33): error C2059: 구문 오류 : ';'
     1>c:\program files (x86)\microsoft visual studio 10.0\vc\include\cmath(33): error C2061: 구문 오류 : 식별자 'modfl'
     1>c:\program files (x86)\microsoft visual studio 10.0\vc\include\cmath(33): error C2059: 구문 오류 : ';'
     1>c:\program files (x86)\microsoft visual studio 10.0\vc\include\cmath(33): error C2061: 구문 오류 : 식별자 'powl'
     1>c:\program files (x86)\microsoft visual studio 10.0\vc\include\cmath(33): error C2059: 구문 오류 : ';'
     1>c:\program files (x86)\microsoft visual studio 10.0\vc\include\cmath(34): error C2061: 구문 오류 : 식별자 'sinl'
     1>c:\program files (x86)\microsoft visual studio 10.0\vc\include\cmath(34): error C2059: 구문 오류 : ';'
     1>c:\program files (x86)\microsoft visual studio 10.0\vc\include\cmath(34): error C2061: 구문 오류 : 식별자 'sinhl'
     1>c:\program files (x86)\microsoft visual studio 10.0\vc\include\cmath(34): error C2059: 구문 오류 : ';'
     1>c:\program files (x86)\microsoft visual studio 10.0\vc\include\cmath(34): error C2061: 구문 오류 : 식별자 'sqrtl'
     1>c:\program files (x86)\microsoft visual studio 10.0\vc\include\cmath(34): error C2059: 구문 오류 : ';'
     1>c:\program files (x86)\microsoft visual studio 10.0\vc\include\cmath(35): error C2061: 구문 오류 : 식별자 'tanl'
     1>c:\program files (x86)\microsoft visual studio 10.0\vc\include\cmath(35): error C2059: 구문 오류 : ';'
     1>c:\program files (x86)\microsoft visual studio 10.0\vc\include\cmath(35): error C2061: 구문 오류 : 식별자 'tanhl'
     1>c:\program files (x86)\microsoft visual studio 10.0\vc\include\cmath(35): error C2059: 구문 오류 : ';'
     1>c:\program files (x86)\microsoft visual studio 10.0\vc\include\cmath(37): error C2061: 구문 오류 : 식별자 'abs'
     1>c:\program files (x86)\microsoft visual studio 10.0\vc\include\cmath(37): error C2059: 구문 오류 : ';'
     1>c:\program files (x86)\microsoft visual studio 10.0\vc\include\cmath(39): error C2061: 구문 오류 : 식별자 'acos'
     1>c:\program files (x86)\microsoft visual studio 10.0\vc\include\cmath(39): error C2059: 구문 오류 : ';'
     1>c:\program files (x86)\microsoft visual studio 10.0\vc\include\cmath(39): error C2061: 구문 오류 : 식별자 'asin'
     1>c:\program files (x86)\microsoft visual studio 10.0\vc\include\cmath(39): error C2059: 구문 오류 : ';'
     1>c:\program files (x86)\microsoft visual studio 10.0\vc\include\cmath(40): error C2061: 구문 오류 : 식별자 'atan'
     1>c:\program files (x86)\microsoft visual studio 10.0\vc\include\cmath(40): error C2059: 구문 오류 : ';'
     1>c:\program files (x86)\microsoft visual studio 10.0\vc\include\cmath(40): error C2061: 구문 오류 : 식별자 'atan2'
     1>c:\program files (x86)\microsoft visual studio 10.0\vc\include\cmath(40): error C2059: 구문 오류 : ';'
     1>c:\program files (x86)\microsoft visual studio 10.0\vc\include\cmath(40): error C2061: 구문 오류 : 식별자 'ceil'
     1>c:\program files (x86)\microsoft visual studio 10.0\vc\include\cmath(40): error C2059: 구문 오류 : ';'
     1>c:\program files (x86)\microsoft visual studio 10.0\vc\include\cmath(41): error C2061: 구문 오류 : 식별자 'cos'
     1>c:\program files (x86)\microsoft visual studio 10.0\vc\include\cmath(41): fatal error C1003: 오류 수가 100개를 초과했습니다. 컴파일을 중지합니다.
     1>"C:\Users\Administrator\Desktop\1228_C_day03\백준\Practice\Practice\Practice.vcxproj" 프로젝트를 빌드했습니다(build 대상). - 실패

빌드하지 못했습니다.

경과 시간: 00:00:00.09
