빌드 시작: 2018-01-10 오후 3:45:34
     1>2 노드의 "C:\Users\Administrator\Desktop\1228_C_day03\08_Pointer\08_Pointer.vcxproj" 프로젝트(build 대상)입니다.
     1>InitializeBuildStatus:
         "AlwaysCreate"이(가) 지정되었기 때문에 "Debug\08_Pointer.unsuccessfulbuild"을(를) 만들고 있습니다.
       ClCompile:
         C:\Program Files (x86)\Microsoft Visual Studio 10.0\VC\bin\CL.exe /c /ZI /nologo /W3 /WX- /Od /Oy- /D WIN32 /D _DEBUG /D _CONSOLE /D _UNICODE /D UNICODE /Gm /EHsc /RTC1 /MDd /GS /fp:precise /Zc:wchar_t /Zc:forScope /Fo"Debug\\" /Fd"Debug\vc100.pdb" /Gd /TC /analyze- /errorReport:prompt Pointer03.c
         Pointer03.c
       ManifestResourceCompile:
         모든 출력이 최신 상태입니다.
       Link:
         C:\Program Files (x86)\Microsoft Visual Studio 10.0\VC\bin\link.exe /ERRORREPORT:PROMPT /OUT:"C:\Users\Administrator\Desktop\1228_C_day03\Debug\08_Pointer.exe" /INCREMENTAL /NOLOGO kernel32.lib user32.lib gdi32.lib winspool.lib comdlg32.lib advapi32.lib shell32.lib ole32.lib oleaut32.lib uuid.lib odbc32.lib odbccp32.lib /MANIFEST /ManifestFile:"Debug\08_Pointer.exe.intermediate.manifest" /MANIFESTUAC:"level='asInvoker' uiAccess='false'" /DEBUG /PDB:"C:\Users\Administrator\Desktop\1228_C_day03\Debug\08_Pointer.pdb" /SUBSYSTEM:CONSOLE /TLBID:1 /DYNAMICBASE /NXCOMPAT /IMPLIB:"C:\Users\Administrator\Desktop\1228_C_day03\Debug\08_Pointer.lib" /MACHINE:X86 Debug\08_Pointer.exe.embed.manifest.res
         Debug\Pointer03.obj
       Manifest:
         C:\Program Files (x86)\Microsoft SDKs\Windows\v7.0A\bin\mt.exe /nologo /verbose /out:"Debug\08_Pointer.exe.embed.manifest" /manifest Debug\08_Pointer.exe.intermediate.manifest
         모든 출력이 최신 상태입니다.
       LinkEmbedManifest:
         모든 출력이 최신 상태입니다.
         08_Pointer.vcxproj -> C:\Users\Administrator\Desktop\1228_C_day03\Debug\08_Pointer.exe
       FinalizeBuildStatus:
         "Debug\08_Pointer.unsuccessfulbuild" 파일을 삭제하고 있습니다.
         "Debug\08_Pointer.lastbuildstate"에 연결(touching)하고 있습니다.
     1>"C:\Users\Administrator\Desktop\1228_C_day03\08_Pointer\08_Pointer.vcxproj" 프로젝트를 빌드했습니다(build 대상).

빌드했습니다.

경과 시간: 00:00:00.35
