C:\USERS\ADMINISTRATOR\DESKTOP\20171229\20171229\DEBUG\VARIABLE.EXE
C:\USERS\ADMINISTRATOR\DESKTOP\20171229\20171229\DEBUG\VARIABLE.ILK
C:\USERS\ADMINISTRATOR\DESKTOP\20171229\20171229\DEBUG\VARIABLE.PDB
C:\USERS\ADMINISTRATOR\DESKTOP\20171229\20171229\VARIABLE\DEBUG\20121229_7C.OBJ
C:\USERS\ADMINISTRATOR\DESKTOP\20171229\20171229\VARIABLE\DEBUG\20171229_3.OBJ
C:\USERS\ADMINISTRATOR\DESKTOP\20171229\20171229\VARIABLE\DEBUG\20171229_4.OBJ
C:\USERS\ADMINISTRATOR\DESKTOP\20171229\20171229\VARIABLE\DEBUG\20171229_5.OBJ
C:\USERS\ADMINISTRATOR\DESKTOP\20171229\20171229\VARIABLE\DEBUG\20171229_6.OBJ
C:\USERS\ADMINISTRATOR\DESKTOP\20171229\20171229\VARIABLE\DEBUG\VARIABLE.EXE.EMBED.MANIFEST
C:\USERS\ADMINISTRATOR\DESKTOP\20171229\20171229\VARIABLE\DEBUG\VARIABLE.EXE.EMBED.MANIFEST.RES
C:\USERS\ADMINISTRATOR\DESKTOP\20171229\20171229\VARIABLE\DEBUG\VARIABLE.EXE.INTERMEDIATE.MANIFEST
C:\USERS\ADMINISTRATOR\DESKTOP\20171229\20171229\VARIABLE\DEBUG\VC100.PDB
C:\Users\김나현\Desktop\C언어\20180102\Debug\variable.pdb
C:\Users\김나현\Desktop\C언어\20180102\variable\Debug\20121229_7.obj
C:\Users\김나현\Desktop\C언어\20180102\variable\Debug\20121229_7c.obj
C:\Users\김나현\Desktop\C언어\20180102\variable\Debug\20171229_3.obj
C:\Users\김나현\Desktop\C언어\20180102\variable\Debug\20171229_4.obj
C:\Users\김나현\Desktop\C언어\20180102\variable\Debug\20171229_5.obj
C:\Users\김나현\Desktop\C언어\20180102\variable\Debug\20171229_6.obj
C:\Users\김나현\Desktop\C언어\20180102\variable\Debug\cl.command.1.tlog
C:\Users\김나현\Desktop\C언어\20180102\variable\Debug\CL.read.1.tlog
C:\Users\김나현\Desktop\C언어\20180102\variable\Debug\CL.write.1.tlog
C:\Users\김나현\Desktop\C언어\20180102\variable\Debug\link.3144.read.1.tlog
C:\Users\김나현\Desktop\C언어\20180102\variable\Debug\link.3144.write.1.tlog
C:\Users\김나현\Desktop\C언어\20180102\variable\Debug\link.3144-cvtres.read.1.tlog
C:\Users\김나현\Desktop\C언어\20180102\variable\Debug\link.3144-cvtres.write.1.tlog
C:\Users\김나현\Desktop\C언어\20180102\variable\Debug\link.4348.read.1.tlog
C:\Users\김나현\Desktop\C언어\20180102\variable\Debug\link.4348.write.1.tlog
C:\Users\김나현\Desktop\C언어\20180102\variable\Debug\link.4348-cvtres.read.1.tlog
C:\Users\김나현\Desktop\C언어\20180102\variable\Debug\link.4348-cvtres.write.1.tlog
C:\Users\김나현\Desktop\C언어\20180102\variable\Debug\link.4688.read.1.tlog
C:\Users\김나현\Desktop\C언어\20180102\variable\Debug\link.4688.write.1.tlog
C:\Users\김나현\Desktop\C언어\20180102\variable\Debug\link.4688-cvtres.read.1.tlog
C:\Users\김나현\Desktop\C언어\20180102\variable\Debug\link.4688-cvtres.write.1.tlog
C:\Users\김나현\Desktop\C언어\20180102\variable\Debug\link.5200.read.1.tlog
C:\Users\김나현\Desktop\C언어\20180102\variable\Debug\link.5200.write.1.tlog
C:\Users\김나현\Desktop\C언어\20180102\variable\Debug\link.5200-cvtres.read.1.tlog
C:\Users\김나현\Desktop\C언어\20180102\variable\Debug\link.5200-cvtres.write.1.tlog
C:\Users\김나현\Desktop\C언어\20180102\variable\Debug\link.5336.read.1.tlog
C:\Users\김나현\Desktop\C언어\20180102\variable\Debug\link.5336.write.1.tlog
C:\Users\김나현\Desktop\C언어\20180102\variable\Debug\link.5336-cvtres.read.1.tlog
C:\Users\김나현\Desktop\C언어\20180102\variable\Debug\link.5336-cvtres.write.1.tlog
C:\Users\김나현\Desktop\C언어\20180102\variable\Debug\link.5596.read.1.tlog
C:\Users\김나현\Desktop\C언어\20180102\variable\Debug\link.5596.write.1.tlog
C:\Users\김나현\Desktop\C언어\20180102\variable\Debug\link.5596-cvtres.read.1.tlog
C:\Users\김나현\Desktop\C언어\20180102\variable\Debug\link.5596-cvtres.write.1.tlog
C:\Users\김나현\Desktop\C언어\20180102\variable\Debug\link.944.read.1.tlog
C:\Users\김나현\Desktop\C언어\20180102\variable\Debug\link.944.write.1.tlog
C:\Users\김나현\Desktop\C언어\20180102\variable\Debug\link.944-cvtres.read.1.tlog
C:\Users\김나현\Desktop\C언어\20180102\variable\Debug\link.944-cvtres.write.1.tlog
C:\Users\김나현\Desktop\C언어\20180102\variable\Debug\link.command.1.tlog
C:\Users\김나현\Desktop\C언어\20180102\variable\Debug\link.read.1.tlog
C:\Users\김나현\Desktop\C언어\20180102\variable\Debug\link.write.1.tlog
C:\Users\김나현\Desktop\C언어\20180102\variable\Debug\link-cvtres.read.1.tlog
C:\Users\김나현\Desktop\C언어\20180102\variable\Debug\link-cvtres.write.1.tlog
C:\Users\김나현\Desktop\C언어\20180102\variable\Debug\mt.command.1.tlog
C:\Users\김나현\Desktop\C언어\20180102\variable\Debug\mt.read.1.tlog
C:\Users\김나현\Desktop\C언어\20180102\variable\Debug\mt.write.1.tlog
C:\Users\김나현\Desktop\C언어\20180102\variable\Debug\rc.command.1.tlog
C:\Users\김나현\Desktop\C언어\20180102\variable\Debug\rc.read.1.tlog
C:\Users\김나현\Desktop\C언어\20180102\variable\Debug\rc.write.1.tlog
C:\Users\김나현\Desktop\C언어\20180102\variable\Debug\variable.exe.embed.manifest
C:\Users\김나현\Desktop\C언어\20180102\variable\Debug\variable.exe.embed.manifest.res
C:\Users\김나현\Desktop\C언어\20180102\variable\Debug\variable.exe.intermediate.manifest
C:\Users\김나현\Desktop\C언어\20180102\variable\Debug\variable.write.1.tlog
C:\Users\김나현\Desktop\C언어\20180102\variable\Debug\variable_manifest.rc
C:\Users\김나현\Desktop\C언어\20180102\variable\Debug\vc100.idb
C:\Users\김나현\Desktop\C언어\20180102\variable\Debug\vc100.pdb
C:\Users\김나현\Desktop\C언어\20180102\variable\Debug\vc140.idb
C:\Users\김나현\Desktop\C언어\20180102\variable\Debug\vc140.pdb
