C:\USERS\ADMINISTRATOR\DESKTOP\20171229\20171229\20171229\DEBUG\20171229.EXE.EMBED.MANIFEST
C:\USERS\ADMINISTRATOR\DESKTOP\20171229\20171229\20171229\DEBUG\20171229.EXE.EMBED.MANIFEST.RES
C:\USERS\ADMINISTRATOR\DESKTOP\20171229\20171229\20171229\DEBUG\20171229.EXE.INTERMEDIATE.MANIFEST
C:\USERS\ADMINISTRATOR\DESKTOP\20171229\20171229\20171229\DEBUG\20171229_1.OBJ
C:\USERS\ADMINISTRATOR\DESKTOP\20171229\20171229\20171229\DEBUG\20171229_2.OBJ
C:\USERS\ADMINISTRATOR\DESKTOP\20171229\20171229\20171229\DEBUG\VC100.PDB
C:\USERS\ADMINISTRATOR\DESKTOP\20171229\20171229\DEBUG\20171229.EXE
C:\USERS\ADMINISTRATOR\DESKTOP\20171229\20171229\DEBUG\20171229.ILK
C:\USERS\ADMINISTRATOR\DESKTOP\20171229\20171229\DEBUG\20171229.PDB
C:\Users\김나현\Desktop\C언어\20180102\20171229\Debug\20171229.exe.embed.manifest
C:\Users\김나현\Desktop\C언어\20180102\20171229\Debug\20171229.exe.embed.manifest.res
C:\Users\김나현\Desktop\C언어\20180102\20171229\Debug\20171229.exe.intermediate.manifest
C:\Users\김나현\Desktop\C언어\20180102\20171229\Debug\20171229.vcxprojResolveAssemblyReference.cache
C:\Users\김나현\Desktop\C언어\20180102\20171229\Debug\20171229.write.1.tlog
C:\Users\김나현\Desktop\C언어\20180102\20171229\Debug\20171229_1.obj
C:\Users\김나현\Desktop\C언어\20180102\20171229\Debug\20171229_2.obj
C:\Users\김나현\Desktop\C언어\20180102\20171229\Debug\20171229_manifest.rc
C:\Users\김나현\Desktop\C언어\20180102\20171229\Debug\cl.command.1.tlog
C:\Users\김나현\Desktop\C언어\20180102\20171229\Debug\CL.read.1.tlog
C:\Users\김나현\Desktop\C언어\20180102\20171229\Debug\CL.write.1.tlog
C:\Users\김나현\Desktop\C언어\20180102\20171229\Debug\link.3648.read.1.tlog
C:\Users\김나현\Desktop\C언어\20180102\20171229\Debug\link.3648.write.1.tlog
C:\Users\김나현\Desktop\C언어\20180102\20171229\Debug\link.3648-cvtres.read.1.tlog
C:\Users\김나현\Desktop\C언어\20180102\20171229\Debug\link.3648-cvtres.write.1.tlog
C:\Users\김나현\Desktop\C언어\20180102\20171229\Debug\link.5140.read.1.tlog
C:\Users\김나현\Desktop\C언어\20180102\20171229\Debug\link.5140.write.1.tlog
C:\Users\김나현\Desktop\C언어\20180102\20171229\Debug\link.5140-cvtres.read.1.tlog
C:\Users\김나현\Desktop\C언어\20180102\20171229\Debug\link.5140-cvtres.write.1.tlog
C:\Users\김나현\Desktop\C언어\20180102\20171229\Debug\link.command.1.tlog
C:\Users\김나현\Desktop\C언어\20180102\20171229\Debug\link.read.1.tlog
C:\Users\김나현\Desktop\C언어\20180102\20171229\Debug\link.write.1.tlog
C:\Users\김나현\Desktop\C언어\20180102\20171229\Debug\link-cvtres.read.1.tlog
C:\Users\김나현\Desktop\C언어\20180102\20171229\Debug\link-cvtres.write.1.tlog
C:\Users\김나현\Desktop\C언어\20180102\20171229\Debug\mt.command.1.tlog
C:\Users\김나현\Desktop\C언어\20180102\20171229\Debug\mt.read.1.tlog
C:\Users\김나현\Desktop\C언어\20180102\20171229\Debug\mt.write.1.tlog
C:\Users\김나현\Desktop\C언어\20180102\20171229\Debug\rc.command.1.tlog
C:\Users\김나현\Desktop\C언어\20180102\20171229\Debug\rc.read.1.tlog
C:\Users\김나현\Desktop\C언어\20180102\20171229\Debug\rc.write.1.tlog
C:\Users\김나현\Desktop\C언어\20180102\20171229\Debug\vc100.idb
C:\Users\김나현\Desktop\C언어\20180102\20171229\Debug\vc100.pdb
